Arguments: 
  /usr/bin/node /usr/share/yarn/bin/yarn.js run dev

PATH: 
  /home/sophs/.gdrive-downloader:/home/sophs/.zinit/polaris/bin:/usr/local/sbin:/usr/local/bin:/usr/sbin:/usr/bin:/sbin:/bin:/usr/games:/usr/local/games:/snap/bin

Yarn version: 
  1.22.5

Node version: 
  14.16.1

Platform: 
  linux x64

Trace: 
  SyntaxError: /home/sophs/Documentos/api_rest/package.json: Unexpected token } in JSON at position 503
      at JSON.parse (<anonymous>)
      at /usr/share/yarn/lib/cli.js:1625:59
      at Generator.next (<anonymous>)
      at step (/usr/share/yarn/lib/cli.js:310:30)
      at /usr/share/yarn/lib/cli.js:321:13

npm manifest: 
  {
    "name": "api_rest",
    "version": "1.0.0",
    "description": "",
    "main": "index.js",
    "scripts": {
      "test": "echo \"Error: no test specified\" && exit 1", "dev" : "nodemon server.js"
    },
    "keywords": [],
    "author": "",
    "license": "ISC",
    "devDependencies": {
      "@typescript-eslint/eslint-plugin": "^4.22.0",
      "@typescript-eslint/parser": "^4.22.0",
      "eslint": "^7.24.0",
      "eslint-config-airbnb-base": "^14.2.1",
      "eslint-plugin-import": "^2.22.1",
      "nodemon": "^2.0.7",
    }
  }

yarn manifest: 
  No manifest

Lockfile: 
  No lockfile
